d:\doitcpp\sample_code\appendix\simple_game\win32-build\cmakefiles\generate.stamp
d:\doitcpp\sample_code\appendix\simple_game\win32-build\engine\cocos\core\cmakefiles\generate.stamp
d:\doitcpp\sample_code\appendix\simple_game\win32-build\engine\external\cmakefiles\generate.stamp
d:\doitcpp\sample_code\appendix\simple_game\win32-build\engine\external\box2d\cmakefiles\generate.stamp
d:\doitcpp\sample_code\appendix\simple_game\win32-build\engine\external\chipmunk\cmakefiles\generate.stamp
d:\doitcpp\sample_code\appendix\simple_game\win32-build\engine\external\freetype2\cmakefiles\generate.stamp
d:\doitcpp\sample_code\appendix\simple_game\win32-build\engine\external\recast\cmakefiles\generate.stamp
d:\doitcpp\sample_code\appendix\simple_game\win32-build\engine\external\bullet\cmakefiles\generate.stamp
d:\doitcpp\sample_code\appendix\simple_game\win32-build\engine\external\jpeg\cmakefiles\generate.stamp
d:\doitcpp\sample_code\appendix\simple_game\win32-build\engine\external\openssl\cmakefiles\generate.stamp
d:\doitcpp\sample_code\appendix\simple_game\win32-build\engine\external\uv\cmakefiles\generate.stamp
d:\doitcpp\sample_code\appendix\simple_game\win32-build\engine\external\webp\cmakefiles\generate.stamp
d:\doitcpp\sample_code\appendix\simple_game\win32-build\engine\external\websockets\cmakefiles\generate.stamp
d:\doitcpp\sample_code\appendix\simple_game\win32-build\engine\external\tinyxml2\cmakefiles\generate.stamp
d:\doitcpp\sample_code\appendix\simple_game\win32-build\engine\external\xxhash\cmakefiles\generate.stamp
d:\doitcpp\sample_code\appendix\simple_game\win32-build\engine\external\xxtea\cmakefiles\generate.stamp
d:\doitcpp\sample_code\appendix\simple_game\win32-build\engine\external\clipper\cmakefiles\generate.stamp
d:\doitcpp\sample_code\appendix\simple_game\win32-build\engine\external\edtaa3func\cmakefiles\generate.stamp
d:\doitcpp\sample_code\appendix\simple_game\win32-build\engine\external\convertutf\cmakefiles\generate.stamp
d:\doitcpp\sample_code\appendix\simple_game\win32-build\engine\external\poly2tri\cmakefiles\generate.stamp
d:\doitcpp\sample_code\appendix\simple_game\win32-build\engine\external\md5\cmakefiles\generate.stamp
d:\doitcpp\sample_code\appendix\simple_game\win32-build\engine\external\curl\cmakefiles\generate.stamp
d:\doitcpp\sample_code\appendix\simple_game\win32-build\engine\external\png\cmakefiles\generate.stamp
d:\doitcpp\sample_code\appendix\simple_game\win32-build\engine\external\win32-specific\gles\cmakefiles\generate.stamp
d:\doitcpp\sample_code\appendix\simple_game\win32-build\engine\external\win32-specific\icon\cmakefiles\generate.stamp
d:\doitcpp\sample_code\appendix\simple_game\win32-build\engine\external\win32-specific\mp3decoder\cmakefiles\generate.stamp
d:\doitcpp\sample_code\appendix\simple_game\win32-build\engine\external\win32-specific\oggdecoder\cmakefiles\generate.stamp
d:\doitcpp\sample_code\appendix\simple_game\win32-build\engine\external\win32-specific\openalsoft\cmakefiles\generate.stamp
d:\doitcpp\sample_code\appendix\simple_game\win32-build\engine\external\glfw3\cmakefiles\generate.stamp
d:\doitcpp\sample_code\appendix\simple_game\win32-build\engine\external\zlib\cmakefiles\generate.stamp
d:\doitcpp\sample_code\appendix\simple_game\win32-build\engine\external\unzip\cmakefiles\generate.stamp
d:\doitcpp\sample_code\appendix\simple_game\win32-build\win32\relwithdebinfo\zero_check\zero_check.tlog\custombuild.command.1.tlog
d:\doitcpp\sample_code\appendix\simple_game\win32-build\win32\relwithdebinfo\zero_check\zero_check.tlog\custombuild.read.1.tlog
d:\doitcpp\sample_code\appendix\simple_game\win32-build\win32\relwithdebinfo\zero_check\zero_check.tlog\custombuild.write.1.tlog
