d:\doitcpp\sample_code\appendix\simple_game\win32-build\simple_game.dir\relwithdebinfo\main.obj
d:\doitcpp\sample_code\appendix\simple_game\win32-build\simple_game.dir\relwithdebinfo\appdelegate.obj
d:\doitcpp\sample_code\appendix\simple_game\win32-build\simple_game.dir\relwithdebinfo\precheader.obj
d:\doitcpp\sample_code\appendix\simple_game\win32-build\simple_game.dir\relwithdebinfo\coco2d_x_scene.obj
d:\doitcpp\sample_code\appendix\simple_game\win32-build\simple_game.dir\relwithdebinfo\vc143.pdb
d:\doitcpp\sample_code\appendix\simple_game\win32-build\cmakefiles\generate.stamp
d:\doitcpp\sample_code\appendix\simple_game\win32-build\bin\simple_game\relwithdebinfo\simple_game.exe
d:\doitcpp\sample_code\appendix\simple_game\win32-build\simple_game.dir\relwithdebinfo\simple_game.ilk
d:\doitcpp\sample_code\appendix\simple_game\win32-build\bin\simple_game\relwithdebinfo\simple_game.pdb
d:\doitcpp\sample_code\appendix\simple_game\win32-build\simple_game.dir\relwithdebinfo\game.res
d:\doitcpp\sample_code\appendix\simple_game\win32-build\relwithdebinfo\simple_game.lib
d:\doitcpp\sample_code\appendix\simple_game\win32-build\relwithdebinfo\simple_game.exp
d:\doitcpp\sample_code\appendix\simple_game\win32-build\simple_game.dir\relwithdebinfo\simple_game.tlog\cl.command.1.tlog
d:\doitcpp\sample_code\appendix\simple_game\win32-build\simple_game.dir\relwithdebinfo\simple_game.tlog\cl.read.1.tlog
d:\doitcpp\sample_code\appendix\simple_game\win32-build\simple_game.dir\relwithdebinfo\simple_game.tlog\cl.write.1.tlog
d:\doitcpp\sample_code\appendix\simple_game\win32-build\simple_game.dir\relwithdebinfo\simple_game.tlog\custombuild.command.1.tlog
d:\doitcpp\sample_code\appendix\simple_game\win32-build\simple_game.dir\relwithdebinfo\simple_game.tlog\custombuild.read.1.tlog
d:\doitcpp\sample_code\appendix\simple_game\win32-build\simple_game.dir\relwithdebinfo\simple_game.tlog\custombuild.write.1.tlog
d:\doitcpp\sample_code\appendix\simple_game\win32-build\simple_game.dir\relwithdebinfo\simple_game.tlog\link.command.1.tlog
d:\doitcpp\sample_code\appendix\simple_game\win32-build\simple_game.dir\relwithdebinfo\simple_game.tlog\link.read.1.tlog
d:\doitcpp\sample_code\appendix\simple_game\win32-build\simple_game.dir\relwithdebinfo\simple_game.tlog\link.write.1.tlog
d:\doitcpp\sample_code\appendix\simple_game\win32-build\simple_game.dir\relwithdebinfo\simple_game.tlog\rc.command.1.tlog
d:\doitcpp\sample_code\appendix\simple_game\win32-build\simple_game.dir\relwithdebinfo\simple_game.tlog\rc.read.1.tlog
d:\doitcpp\sample_code\appendix\simple_game\win32-build\simple_game.dir\relwithdebinfo\simple_game.tlog\rc.write.1.tlog
d:\doitcpp\sample_code\appendix\simple_game\win32-build\simple_game.dir\relwithdebinfo\simple_game.tlog\simple_game.write.1u.tlog
