d:\doitcpp\sample_code\appendix\simple_game\win32-build\engine\cocos\core\cocos2d.dir\relwithdebinfo\cocos2d.pch
d:\doitcpp\sample_code\appendix\simple_game\win32-build\lib\relwithdebinfo\cocos2d.pdb
d:\doitcpp\sample_code\appendix\simple_game\win32-build\engine\cocos\core\cocos2d.dir\relwithdebinfo\precheader.obj
d:\doitcpp\sample_code\appendix\simple_game\win32-build\engine\cocos\core\cocos2d.dir\relwithdebinfo\ccactiongrid.obj
d:\doitcpp\sample_code\appendix\simple_game\win32-build\engine\cocos\core\cocos2d.dir\relwithdebinfo\ccactionmanager.obj
d:\doitcpp\sample_code\appendix\simple_game\win32-build\engine\cocos\core\cocos2d.dir\relwithdebinfo\cccamerabackgroundbrush.obj
d:\doitcpp\sample_code\appendix\simple_game\win32-build\engine\cocos\core\cocos2d.dir\relwithdebinfo\ccfont.obj
d:\doitcpp\sample_code\appendix\simple_game\win32-build\engine\cocos\core\cocos2d.dir\relwithdebinfo\ccgrid.obj
d:\doitcpp\sample_code\appendix\simple_game\win32-build\engine\cocos\core\cocos2d.dir\relwithdebinfo\cclayer.obj
d:\doitcpp\sample_code\appendix\simple_game\win32-build\engine\cocos\core\cocos2d.dir\relwithdebinfo\ccparallaxnode.obj
d:\doitcpp\sample_code\appendix\simple_game\win32-build\engine\cocos\core\cocos2d.dir\relwithdebinfo\ccparticleexamples.obj
d:\doitcpp\sample_code\appendix\simple_game\win32-build\engine\cocos\core\cocos2d.dir\relwithdebinfo\ccscene.obj
d:\doitcpp\sample_code\appendix\simple_game\win32-build\engine\cocos\core\cocos2d.dir\relwithdebinfo\ccautopolygon.obj
d:\doitcpp\sample_code\appendix\simple_game\win32-build\engine\cocos\core\cocos2d.dir\relwithdebinfo\ccaabb.obj
d:\doitcpp\sample_code\appendix\simple_game\win32-build\engine\cocos\core\cocos2d.dir\relwithdebinfo\ccattachnode.obj
d:\doitcpp\sample_code\appendix\simple_game\win32-build\engine\cocos\core\cocos2d.dir\relwithdebinfo\ccbundlereader.obj
d:\doitcpp\sample_code\appendix\simple_game\win32-build\engine\cocos\core\cocos2d.dir\relwithdebinfo\ccmeshvertexindexdata.obj
d:\doitcpp\sample_code\appendix\simple_game\win32-build\engine\cocos\core\cocos2d.dir\relwithdebinfo\ccray.obj
d:\doitcpp\sample_code\appendix\simple_game\win32-build\engine\cocos\core\cocos2d.dir\relwithdebinfo\ccsprite3dmaterial.obj
d:\doitcpp\sample_code\appendix\simple_game\win32-build\engine\cocos\core\cocos2d.dir\relwithdebinfo\ccutils-win32.obj
d:\doitcpp\sample_code\appendix\simple_game\win32-build\engine\cocos\core\cocos2d.dir\relwithdebinfo\ccdevice-win32.obj
d:\doitcpp\sample_code\appendix\simple_game\win32-build\engine\cocos\core\cocos2d.dir\relwithdebinfo\ccglview.obj
d:\doitcpp\sample_code\appendix\simple_game\win32-build\engine\cocos\core\cocos2d.dir\relwithdebinfo\ccphysicsworld.obj
d:\doitcpp\sample_code\appendix\simple_game\win32-build\engine\cocos\core\cocos2d.dir\relwithdebinfo\ccphysics3dshape.obj
d:\doitcpp\sample_code\appendix\simple_game\win32-build\engine\cocos\core\cocos2d.dir\relwithdebinfo\quaternion.obj
d:\doitcpp\sample_code\appendix\simple_game\win32-build\engine\cocos\core\cocos2d.dir\relwithdebinfo\ccnavmeshobstacle.obj
d:\doitcpp\sample_code\appendix\simple_game\win32-build\engine\cocos\core\cocos2d.dir\relwithdebinfo\ccquadcommand.obj
d:\doitcpp\sample_code\appendix\simple_game\win32-build\engine\cocos\core\cocos2d.dir\relwithdebinfo\cctexture2d.obj
d:\doitcpp\sample_code\appendix\simple_game\win32-build\engine\cocos\core\cocos2d.dir\relwithdebinfo\buffergl.obj
d:\doitcpp\sample_code\appendix\simple_game\win32-build\engine\cocos\core\cocos2d.dir\relwithdebinfo\renderpipelinegl.obj
d:\doitcpp\sample_code\appendix\simple_game\win32-build\engine\cocos\core\cocos2d.dir\relwithdebinfo\ccconfiguration.obj
d:\doitcpp\sample_code\appendix\simple_game\win32-build\engine\cocos\core\cocos2d.dir\relwithdebinfo\cceventlistener.obj
d:\doitcpp\sample_code\appendix\simple_game\win32-build\engine\cocos\core\cocos2d.dir\relwithdebinfo\cceventlistenerkeyboard.obj
d:\doitcpp\sample_code\appendix\simple_game\win32-build\engine\cocos\core\cocos2d.dir\relwithdebinfo\ccns.obj
d:\doitcpp\sample_code\appendix\simple_game\win32-build\engine\cocos\core\cocos2d.dir\relwithdebinfo\objectfactory.obj
d:\doitcpp\sample_code\appendix\simple_game\win32-build\engine\cocos\core\cocos2d.dir\relwithdebinfo\ccrandom.obj
d:\doitcpp\sample_code\appendix\simple_game\win32-build\engine\cocos\core\cocos2d.dir\relwithdebinfo\s3tc.obj
d:\doitcpp\sample_code\appendix\simple_game\win32-build\engine\cocos\core\cocos2d.dir\relwithdebinfo\audiocache.obj
d:\doitcpp\sample_code\appendix\simple_game\win32-build\engine\cocos\core\cocos2d.dir\relwithdebinfo\audiodecoderogg.obj
d:\doitcpp\sample_code\appendix\simple_game\win32-build\engine\cocos\core\cocos2d.dir\relwithdebinfo\uiabstractcheckbutton.obj
d:\doitcpp\sample_code\appendix\simple_game\win32-build\engine\cocos\core\cocos2d.dir\relwithdebinfo\uilayoutmanager.obj
d:\doitcpp\sample_code\appendix\simple_game\win32-build\engine\cocos\core\cocos2d.dir\relwithdebinfo\uirichtext.obj
d:\doitcpp\sample_code\appendix\simple_game\win32-build\engine\cocos\core\cocos2d.dir\relwithdebinfo\ccarmature.obj
d:\doitcpp\sample_code\appendix\simple_game\win32-build\engine\cocos\core\cocos2d.dir\relwithdebinfo\cccomaudio.obj
d:\doitcpp\sample_code\appendix\simple_game\win32-build\engine\cocos\core\cocos2d.dir\relwithdebinfo\ccdecorativedisplay.obj
d:\doitcpp\sample_code\appendix\simple_game\win32-build\engine\cocos\core\cocos2d.dir\relwithdebinfo\ccinputdelegate.obj
d:\doitcpp\sample_code\appendix\simple_game\win32-build\engine\cocos\core\cocos2d.dir\relwithdebinfo\cctransformhelp.obj
d:\doitcpp\sample_code\appendix\simple_game\win32-build\engine\cocos\core\cocos2d.dir\relwithdebinfo\cctween.obj
d:\doitcpp\sample_code\appendix\simple_game\win32-build\engine\cocos\core\cocos2d.dir\relwithdebinfo\triggerbase.obj
d:\doitcpp\sample_code\appendix\simple_game\win32-build\engine\cocos\core\cocos2d.dir\relwithdebinfo\nodereader.obj
d:\doitcpp\sample_code\appendix\simple_game\win32-build\engine\cocos\core\cocos2d.dir\relwithdebinfo\textfieldreader.obj
d:\doitcpp\sample_code\appendix\simple_game\win32-build\engine\cocos\core\cocos2d.dir\relwithdebinfo\usercamerareader.obj
d:\doitcpp\sample_code\appendix\simple_game\win32-build\engine\cocos\core\cocos2d.dir\relwithdebinfo\light3dreader.obj
d:\doitcpp\sample_code\appendix\simple_game\win32-build\engine\cocos\core\cocos2d.dir\relwithdebinfo\ccactiontimeline.obj
d:\doitcpp\sample_code\appendix\simple_game\win32-build\engine\cocos\core\cocos2d.dir\relwithdebinfo\tabcontrolreader.obj
d:\doitcpp\sample_code\appendix\simple_game\win32-build\engine\cocos\core\cocos2d.dir\relwithdebinfo\ccscrollview.obj
d:\doitcpp\sample_code\appendix\simple_game\win32-build\engine\cocos\core\cocos2d.dir\relwithdebinfo\ccpuforcefield.obj
d:\doitcpp\sample_code\appendix\simple_game\win32-build\engine\cocos\core\cocos2d.dir\relwithdebinfo\ccpunoise.obj
d:\doitcpp\sample_code\appendix\simple_game\win32-build\engine\cocos\core\cocos2d.dir\relwithdebinfo\ccpuscriptparser.obj
d:\doitcpp\sample_code\appendix\simple_game\win32-build\engine\cocos\core\cocos2d.dir\relwithdebinfo\ccpulistener.obj
d:\doitcpp\sample_code\appendix\simple_game\win32-build\engine\cocos\core\cocos2d.dir\relwithdebinfo\ccpualignaffectortranslator.obj
d:\doitcpp\sample_code\appendix\simple_game\win32-build\engine\cocos\core\cocos2d.dir\relwithdebinfo\ccpuboxcollidertranslator.obj
d:\doitcpp\sample_code\appendix\simple_game\win32-build\engine\cocos\core\cocos2d.dir\relwithdebinfo\ccpuforcefieldaffectortranslator.obj
d:\doitcpp\sample_code\appendix\simple_game\win32-build\engine\cocos\core\cocos2d.dir\relwithdebinfo\ccpulineaffector.obj
d:\doitcpp\sample_code\appendix\simple_game\win32-build\engine\cocos\core\cocos2d.dir\relwithdebinfo\ccpupathfollowertranslator.obj
d:\doitcpp\sample_code\appendix\simple_game\win32-build\engine\cocos\core\cocos2d.dir\relwithdebinfo\ccpusineforceaffector.obj
d:\doitcpp\sample_code\appendix\simple_game\win32-build\engine\cocos\core\cocos2d.dir\relwithdebinfo\ccpuvelocitymatchingaffector.obj
d:\doitcpp\sample_code\appendix\simple_game\win32-build\engine\cocos\core\cocos2d.dir\relwithdebinfo\ccpuemittermanager.obj
d:\doitcpp\sample_code\appendix\simple_game\win32-build\engine\cocos\core\cocos2d.dir\relwithdebinfo\ccpupositionemittertranslator.obj
d:\doitcpp\sample_code\appendix\simple_game\win32-build\engine\cocos\core\cocos2d.dir\relwithdebinfo\ccpubillboardchain.obj
d:\doitcpp\sample_code\appendix\simple_game\win32-build\engine\cocos\core\cocos2d.dir\relwithdebinfo\ccpudofreezeeventhandlertranslator.obj
d:\doitcpp\sample_code\appendix\simple_game\win32-build\engine\cocos\core\cocos2d.dir\relwithdebinfo\ccpueventhandlermanager.obj
d:\doitcpp\sample_code\appendix\simple_game\win32-build\engine\cocos\core\cocos2d.dir\relwithdebinfo\ccpuoncollisionobservertranslator.obj
d:\doitcpp\sample_code\appendix\simple_game\win32-build\engine\cocos\core\cocos2d.dir\relwithdebinfo\ccpuonexpireobserver.obj
d:\doitcpp\sample_code\appendix\simple_game\win32-build\engine\cocos\core\cocos2d.dir\relwithdebinfo\ccpuonrandomobservertranslator.obj
d:\doitcpp\sample_code\appendix\simple_game\win32-build\engine\cocos\core\cocos2d.dir\relwithdebinfo\ccpuslavebehaviourtranslator.obj
d:\doitcpp\sample_code\appendix\simple_game\win32-build\engine\cocos\core\cocos2d.dir\relwithdebinfo\ccactionease.obj
d:\doitcpp\sample_code\appendix\simple_game\win32-build\engine\cocos\core\cocos2d.dir\relwithdebinfo\ccanimationcache.obj
d:\doitcpp\sample_code\appendix\simple_game\win32-build\engine\cocos\core\cocos2d.dir\relwithdebinfo\ccfontatlas.obj
d:\doitcpp\sample_code\appendix\simple_game\win32-build\engine\cocos\core\cocos2d.dir\relwithdebinfo\ccmenuitem.obj
d:\doitcpp\sample_code\appendix\simple_game\win32-build\engine\cocos\core\cocos2d.dir\relwithdebinfo\ccparticlesystem.obj
d:\doitcpp\sample_code\appendix\simple_game\win32-build\engine\cocos\core\cocos2d.dir\relwithdebinfo\cctransitionpageturn.obj
d:\doitcpp\sample_code\appendix\simple_game\win32-build\engine\cocos\core\cocos2d.dir\relwithdebinfo\ccbundle3d.obj
d:\doitcpp\sample_code\appendix\simple_game\win32-build\engine\cocos\core\cocos2d.dir\relwithdebinfo\ccphysicsjoint.obj
d:\doitcpp\sample_code\appendix\simple_game\win32-build\engine\cocos\core\cocos2d.dir\relwithdebinfo\ccphysics3dobject.obj
d:\doitcpp\sample_code\appendix\simple_game\win32-build\engine\cocos\core\cocos2d.dir\relwithdebinfo\transformutils.obj
d:\doitcpp\sample_code\appendix\simple_game\win32-build\engine\cocos\core\cocos2d.dir\relwithdebinfo\ccnavmeshagent.obj
d:\doitcpp\sample_code\appendix\simple_game\win32-build\engine\cocos\core\cocos2d.dir\relwithdebinfo\ccmaterial.obj
d:\doitcpp\sample_code\appendix\simple_game\win32-build\engine\cocos\core\cocos2d.dir\relwithdebinfo\commandbuffer.obj
d:\doitcpp\sample_code\appendix\simple_game\win32-build\engine\cocos\core\cocos2d.dir\relwithdebinfo\types.obj
d:\doitcpp\sample_code\appendix\simple_game\win32-build\engine\cocos\core\cocos2d.dir\relwithdebinfo\programstate.obj
d:\doitcpp\sample_code\appendix\simple_game\win32-build\engine\cocos\core\cocos2d.dir\relwithdebinfo\ccdata.obj
d:\doitcpp\sample_code\appendix\simple_game\win32-build\engine\cocos\core\cocos2d.dir\relwithdebinfo\cceventcontroller.obj
d:\doitcpp\sample_code\appendix\simple_game\win32-build\engine\cocos\core\cocos2d.dir\relwithdebinfo\cceventkeyboard.obj
d:\doitcpp\sample_code\appendix\simple_game\win32-build\engine\cocos\core\cocos2d.dir\relwithdebinfo\cceventlistenerfocus.obj
d:\doitcpp\sample_code\appendix\simple_game\win32-build\engine\cocos\core\cocos2d.dir\relwithdebinfo\cceventmouse.obj
d:\doitcpp\sample_code\appendix\simple_game\win32-build\engine\cocos\core\cocos2d.dir\relwithdebinfo\ccprofiling.obj
d:\doitcpp\sample_code\appendix\simple_game\win32-build\engine\cocos\core\cocos2d.dir\relwithdebinfo\ccvalue.obj
d:\doitcpp\sample_code\appendix\simple_game\win32-build\engine\cocos\core\cocos2d.dir\relwithdebinfo\audioengine.obj
d:\doitcpp\sample_code\appendix\simple_game\win32-build\engine\cocos\core\cocos2d.dir\relwithdebinfo\uiradiobutton.obj
d:\doitcpp\sample_code\appendix\simple_game\win32-build\engine\cocos\core\cocos2d.dir\relwithdebinfo\uipageview.obj
d:\doitcpp\sample_code\appendix\simple_game\win32-build\engine\cocos\core\cocos2d.dir\relwithdebinfo\uitext.obj
d:\doitcpp\sample_code\appendix\simple_game\win32-build\engine\cocos\core\cocos2d.dir\relwithdebinfo\uilayoutcomponent.obj
d:\doitcpp\sample_code\appendix\simple_game\win32-build\engine\cocos\core\cocos2d.dir\relwithdebinfo\websocket.obj
d:\doitcpp\sample_code\appendix\simple_game\win32-build\engine\cocos\core\cocos2d.dir\relwithdebinfo\ccactionobject.obj
d:\doitcpp\sample_code\appendix\simple_game\win32-build\engine\cocos\core\cocos2d.dir\relwithdebinfo\ccarmaturedatamanager.obj
d:\doitcpp\sample_code\appendix\simple_game\win32-build\engine\cocos\core\cocos2d.dir\relwithdebinfo\ccdisplayfactory.obj
d:\doitcpp\sample_code\appendix\simple_game\win32-build\engine\cocos\core\cocos2d.dir\relwithdebinfo\ccspriteframecachehelper.obj
d:\doitcpp\sample_code\appendix\simple_game\win32-build\engine\cocos\core\cocos2d.dir\relwithdebinfo\dictionaryhelper.obj
d:\doitcpp\sample_code\appendix\simple_game\win32-build\engine\cocos\core\cocos2d.dir\relwithdebinfo\triggermng.obj
d:\doitcpp\sample_code\appendix\simple_game\win32-build\engine\cocos\core\cocos2d.dir\relwithdebinfo\listviewreader.obj
d:\doitcpp\sample_code\appendix\simple_game\win32-build\engine\cocos\core\cocos2d.dir\relwithdebinfo\sprite3dreader.obj
d:\doitcpp\sample_code\appendix\simple_game\win32-build\engine\cocos\core\cocos2d.dir\relwithdebinfo\imageviewreader.obj
d:\doitcpp\sample_code\appendix\simple_game\win32-build\engine\cocos\core\cocos2d.dir\relwithdebinfo\ccframe.obj
d:\doitcpp\sample_code\appendix\simple_game\win32-build\engine\cocos\core\cocos2d.dir\relwithdebinfo\ccbonenode.obj
d:\doitcpp\sample_code\appendix\simple_game\win32-build\engine\cocos\core\cocos2d.dir\relwithdebinfo\cceventlistenerassetsmanagerex.obj
d:\doitcpp\sample_code\appendix\simple_game\win32-build\engine\cocos\core\cocos2d.dir\relwithdebinfo\cccontrolhuepicker.obj
d:\doitcpp\sample_code\appendix\simple_game\win32-build\engine\cocos\core\cocos2d.dir\relwithdebinfo\cccontrolslider.obj
d:\doitcpp\sample_code\appendix\simple_game\win32-build\engine\cocos\core\cocos2d.dir\relwithdebinfo\cctableview.obj
d:\doitcpp\sample_code\appendix\simple_game\win32-build\engine\cocos\core\cocos2d.dir\relwithdebinfo\ccpumaterialmanager.obj
d:\doitcpp\sample_code\appendix\simple_game\win32-build\engine\cocos\core\cocos2d.dir\relwithdebinfo\ccpusphere.obj
d:\doitcpp\sample_code\appendix\simple_game\win32-build\engine\cocos\core\cocos2d.dir\relwithdebinfo\ccputranslatemanager.obj
d:\doitcpp\sample_code\appendix\simple_game\win32-build\engine\cocos\core\cocos2d.dir\relwithdebinfo\ccpuaffectormanager.obj
d:\doitcpp\sample_code\appendix\simple_game\win32-build\engine\cocos\core\cocos2d.dir\relwithdebinfo\ccpubaseforceaffectortranslator.obj
d:\doitcpp\sample_code\appendix\simple_game\win32-build\engine\cocos\core\cocos2d.dir\relwithdebinfo\ccpuforcefieldaffector.obj
d:\doitcpp\sample_code\appendix\simple_game\win32-build\engine\cocos\core\cocos2d.dir\relwithdebinfo\ccpugravityaffectortranslator.obj
d:\doitcpp\sample_code\appendix\simple_game\win32-build\engine\cocos\core\cocos2d.dir\relwithdebinfo\ccpulinearforceaffectortranslator.obj
d:\doitcpp\sample_code\appendix\simple_game\win32-build\engine\cocos\core\cocos2d.dir\relwithdebinfo\ccpuscalevelocityaffector.obj
d:\doitcpp\sample_code\appendix\simple_game\win32-build\engine\cocos\core\cocos2d.dir\relwithdebinfo\ccputextureanimatortranslator.obj
d:\doitcpp\sample_code\appendix\simple_game\win32-build\engine\cocos\core\cocos2d.dir\relwithdebinfo\ccpucircleemitter.obj
d:\doitcpp\sample_code\appendix\simple_game\win32-build\engine\cocos\core\cocos2d.dir\relwithdebinfo\ccpumeshsurfaceemitter.obj
d:\doitcpp\sample_code\appendix\simple_game\win32-build\engine\cocos\core\cocos2d.dir\relwithdebinfo\ccpuspheresurfaceemitter.obj
d:\doitcpp\sample_code\appendix\simple_game\win32-build\engine\cocos\core\cocos2d.dir\relwithdebinfo\ccpudoaffectoreventhandler.obj
d:\doitcpp\sample_code\appendix\simple_game\win32-build\engine\cocos\core\cocos2d.dir\relwithdebinfo\ccpudoexpireeventhandler.obj
d:\doitcpp\sample_code\appendix\simple_game\win32-build\engine\cocos\core\cocos2d.dir\relwithdebinfo\ccpudoscaleeventhandlertranslator.obj
d:\doitcpp\sample_code\appendix\simple_game\win32-build\engine\cocos\core\cocos2d.dir\relwithdebinfo\ccpuonclearobservertranslator.obj
d:\doitcpp\sample_code\appendix\simple_game\win32-build\engine\cocos\core\cocos2d.dir\relwithdebinfo\ccpuonemissionobservertranslator.obj
d:\doitcpp\sample_code\appendix\simple_game\win32-build\engine\cocos\core\cocos2d.dir\relwithdebinfo\ccpuonrandomobserver.obj
d:\doitcpp\sample_code\appendix\simple_game\win32-build\engine\cocos\core\cocos2d.dir\relwithdebinfo\ccpubehaviourmanager.obj
d:\doitcpp\sample_code\appendix\simple_game\win32-build\engine\cocos\core\cocos2d.dir\relwithdebinfo\ccactiongrid3d.obj
d:\doitcpp\sample_code\appendix\simple_game\win32-build\engine\cocos\core\cocos2d.dir\relwithdebinfo\ccactionprogresstimer.obj
d:\doitcpp\sample_code\appendix\simple_game\win32-build\engine\cocos\core\cocos2d.dir\relwithdebinfo\ccclippingnode.obj
d:\doitcpp\sample_code\appendix\simple_game\win32-build\engine\cocos\core\cocos2d.dir\relwithdebinfo\ccfontfnt.obj
d:\doitcpp\sample_code\appendix\simple_game\win32-build\engine\cocos\core\cocos2d.dir\relwithdebinfo\ccmenu.obj
d:\doitcpp\sample_code\appendix\simple_game\win32-build\engine\cocos\core\cocos2d.dir\relwithdebinfo\ccprotectednode.obj
d:\doitcpp\sample_code\appendix\simple_game\win32-build\engine\cocos\core\cocos2d.dir\relwithdebinfo\ccspriteframe.obj
d:\doitcpp\sample_code\appendix\simple_game\win32-build\engine\cocos\core\cocos2d.dir\relwithdebinfo\cctmxobjectgroup.obj
d:\doitcpp\sample_code\appendix\simple_game\win32-build\engine\cocos\core\cocos2d.dir\relwithdebinfo\cctransitionprogress.obj
d:\doitcpp\sample_code\appendix\simple_game\win32-build\engine\cocos\core\cocos2d.dir\relwithdebinfo\ccbillboard.obj
d:\doitcpp\sample_code\appendix\simple_game\win32-build\engine\cocos\core\cocos2d.dir\relwithdebinfo\ccbundle3ddata.obj
d:\doitcpp\sample_code\appendix\simple_game\win32-build\engine\cocos\core\cocos2d.dir\relwithdebinfo\ccmeshskin.obj
d:\doitcpp\sample_code\appendix\simple_game\win32-build\engine\cocos\core\cocos2d.dir\relwithdebinfo\ccobjloader.obj
d:\doitcpp\sample_code\appendix\simple_game\win32-build\engine\cocos\core\cocos2d.dir\relwithdebinfo\ccfileutils.obj
d:\doitcpp\sample_code\appendix\simple_game\win32-build\engine\cocos\core\cocos2d.dir\relwithdebinfo\cctexturecube.obj
d:\doitcpp\sample_code\appendix\simple_game\win32-build\engine\cocos\core\cocos2d.dir\relwithdebinfo\shadermodule.obj
d:\doitcpp\sample_code\appendix\simple_game\win32-build\engine\cocos\core\cocos2d.dir\relwithdebinfo\programcache.obj
d:\doitcpp\sample_code\appendix\simple_game\win32-build\engine\cocos\core\cocos2d.dir\relwithdebinfo\texturegl.obj
d:\doitcpp\sample_code\appendix\simple_game\win32-build\engine\cocos\core\cocos2d.dir\relwithdebinfo\ccconsole.obj
d:\doitcpp\sample_code\appendix\simple_game\win32-build\engine\cocos\core\cocos2d.dir\relwithdebinfo\ziputils.obj
d:\doitcpp\sample_code\appendix\simple_game\win32-build\engine\cocos\core\cocos2d.dir\relwithdebinfo\audioplayer.obj
d:\doitcpp\sample_code\appendix\simple_game\win32-build\engine\cocos\core\cocos2d.dir\relwithdebinfo\uieditboximpl-win32.obj
d:\doitcpp\sample_code\appendix\simple_game\win32-build\engine\cocos\core\cocos2d.dir\relwithdebinfo\uihbox.obj
d:\doitcpp\sample_code\appendix\simple_game\win32-build\engine\cocos\core\cocos2d.dir\relwithdebinfo\uilistview.obj
d:\doitcpp\sample_code\appendix\simple_game\win32-build\engine\cocos\core\cocos2d.dir\relwithdebinfo\uiscale9sprite.obj
d:\doitcpp\sample_code\appendix\simple_game\win32-build\engine\cocos\core\cocos2d.dir\relwithdebinfo\uitextbmfont.obj
d:\doitcpp\sample_code\appendix\simple_game\win32-build\engine\cocos\core\cocos2d.dir\relwithdebinfo\uieditboximpl-common.obj
d:\doitcpp\sample_code\appendix\simple_game\win32-build\engine\cocos\core\cocos2d.dir\relwithdebinfo\ccdownloader.obj
d:\doitcpp\sample_code\appendix\simple_game\win32-build\engine\cocos\core\cocos2d.dir\relwithdebinfo\uri.obj
d:\doitcpp\sample_code\appendix\simple_game\win32-build\engine\cocos\core\cocos2d.dir\relwithdebinfo\ccbone.obj
d:\doitcpp\sample_code\appendix\simple_game\win32-build\engine\cocos\core\cocos2d.dir\relwithdebinfo\ccdatas.obj
d:\doitcpp\sample_code\appendix\simple_game\win32-build\engine\cocos\core\cocos2d.dir\relwithdebinfo\ccskin.obj
d:\doitcpp\sample_code\appendix\simple_game\win32-build\engine\cocos\core\cocos2d.dir\relwithdebinfo\ccutilmath.obj
d:\doitcpp\sample_code\appendix\simple_game\win32-build\engine\cocos\core\cocos2d.dir\relwithdebinfo\cocoloader.obj
d:\doitcpp\sample_code\appendix\simple_game\win32-build\engine\cocos\core\cocos2d.dir\relwithdebinfo\localizationmanager.obj
d:\doitcpp\sample_code\appendix\simple_game\win32-build\engine\cocos\core\cocos2d.dir\relwithdebinfo\spritereader.obj
d:\doitcpp\sample_code\appendix\simple_game\win32-build\engine\cocos\core\cocos2d.dir\relwithdebinfo\widgetreader.obj
d:\doitcpp\sample_code\appendix\simple_game\win32-build\engine\cocos\core\cocos2d.dir\relwithdebinfo\node3dreader.obj
d:\doitcpp\sample_code\appendix\simple_game\win32-build\engine\cocos\core\cocos2d.dir\relwithdebinfo\layoutreader.obj
d:\doitcpp\sample_code\appendix\simple_game\win32-build\engine\cocos\core\cocos2d.dir\relwithdebinfo\cctimeline.obj
d:\doitcpp\sample_code\appendix\simple_game\win32-build\engine\cocos\core\cocos2d.dir\relwithdebinfo\ccskeletonnode.obj
d:\doitcpp\sample_code\appendix\simple_game\win32-build\engine\cocos\core\cocos2d.dir\relwithdebinfo\manifest.obj
d:\doitcpp\sample_code\appendix\simple_game\win32-build\engine\cocos\core\cocos2d.dir\relwithdebinfo\ccparticle3demitter.obj
d:\doitcpp\sample_code\appendix\simple_game\win32-build\engine\cocos\core\cocos2d.dir\relwithdebinfo\ccpudynamicattributetranslator.obj
d:\doitcpp\sample_code\appendix\simple_game\win32-build\engine\cocos\core\cocos2d.dir\relwithdebinfo\ccpuscripttranslator.obj
d:\doitcpp\sample_code\appendix\simple_game\win32-build\engine\cocos\core\cocos2d.dir\relwithdebinfo\ccpubasecollider.obj
d:\doitcpp\sample_code\appendix\simple_game\win32-build\engine\cocos\core\cocos2d.dir\relwithdebinfo\ccpuboxcollider.obj
d:\doitcpp\sample_code\appendix\simple_game\win32-build\engine\cocos\core\cocos2d.dir\relwithdebinfo\ccpucoloraffectortranslator.obj
d:\doitcpp\sample_code\appendix\simple_game\win32-build\engine\cocos\core\cocos2d.dir\relwithdebinfo\ccpugeometryrotatortranslator.obj
d:\doitcpp\sample_code\appendix\simple_game\win32-build\engine\cocos\core\cocos2d.dir\relwithdebinfo\ccpulinearforceaffector.obj
d:\doitcpp\sample_code\appendix\simple_game\win32-build\engine\cocos\core\cocos2d.dir\relwithdebinfo\ccpuplanecollidertranslator.obj
d:\doitcpp\sample_code\appendix\simple_game\win32-build\engine\cocos\core\cocos2d.dir\relwithdebinfo\ccpuspherecollidertranslator.obj
d:\doitcpp\sample_code\appendix\simple_game\win32-build\engine\cocos\core\cocos2d.dir\relwithdebinfo\ccpuvortexaffectortranslator.obj
d:\doitcpp\sample_code\appendix\simple_game\win32-build\engine\cocos\core\cocos2d.dir\relwithdebinfo\ccpulineemitter.obj
d:\doitcpp\sample_code\appendix\simple_game\win32-build\engine\cocos\core\cocos2d.dir\relwithdebinfo\ccpupointemittertranslator.obj
d:\doitcpp\sample_code\appendix\simple_game\win32-build\engine\cocos\core\cocos2d.dir\relwithdebinfo\ccpuspheresurfaceemittertranslator.obj
d:\doitcpp\sample_code\appendix\simple_game\win32-build\engine\cocos\core\cocos2d.dir\relwithdebinfo\ccpudoenablecomponenteventhandler.obj
d:\doitcpp\sample_code\appendix\simple_game\win32-build\engine\cocos\core\cocos2d.dir\relwithdebinfo\ccpudoplacementparticleeventhandlertranslator.obj
d:\doitcpp\sample_code\appendix\simple_game\win32-build\engine\cocos\core\cocos2d.dir\relwithdebinfo\ccpuonclearobserver.obj
d:\doitcpp\sample_code\appendix\simple_game\win32-build\engine\cocos\core\cocos2d.dir\relwithdebinfo\ccpuoncountobserver.obj
d:\doitcpp\sample_code\appendix\simple_game\win32-build\engine\cocos\core\cocos2d.dir\relwithdebinfo\ccpuonpositionobserver.obj
d:\doitcpp\sample_code\appendix\simple_game\win32-build\engine\cocos\core\cocos2d.dir\relwithdebinfo\ccpuontimeobservertranslator.obj
d:\doitcpp\sample_code\appendix\simple_game\win32-build\engine\cocos\core\cocos2d.dir\relwithdebinfo\ccactioncamera.obj
d:\doitcpp\sample_code\appendix\simple_game\win32-build\engine\cocos\core\cocos2d.dir\relwithdebinfo\ccactiontween.obj
d:\doitcpp\sample_code\appendix\simple_game\win32-build\engine\cocos\core\cocos2d.dir\relwithdebinfo\ccclippingrectanglenode.obj
d:\doitcpp\sample_code\appendix\simple_game\win32-build\engine\cocos\core\cocos2d.dir\relwithdebinfo\ccfasttmxtiledmap.obj
d:\doitcpp\sample_code\appendix\simple_game\win32-build\engine\cocos\core\cocos2d.dir\relwithdebinfo\cclabelatlas.obj
d:\doitcpp\sample_code\appendix\simple_game\win32-build\engine\cocos\core\cocos2d.dir\relwithdebinfo\ccmotionstreak.obj
d:\doitcpp\sample_code\appendix\simple_game\win32-build\engine\cocos\core\cocos2d.dir\relwithdebinfo\ccparticlesystemquad.obj
d:\doitcpp\sample_code\appendix\simple_game\win32-build\engine\cocos\core\cocos2d.dir\relwithdebinfo\ccsprite.obj
d:\doitcpp\sample_code\appendix\simple_game\win32-build\engine\cocos\core\cocos2d.dir\relwithdebinfo\cctilemapatlas.obj
d:\doitcpp\sample_code\appendix\simple_game\win32-build\engine\cocos\core\cocos2d.dir\relwithdebinfo\cctransition.obj
d:\doitcpp\sample_code\appendix\simple_game\win32-build\engine\cocos\core\cocos2d.dir\relwithdebinfo\ccmesh.obj
d:\doitcpp\sample_code\appendix\simple_game\win32-build\engine\cocos\core\cocos2d.dir\relwithdebinfo\ccvertexattribbinding.obj
d:\doitcpp\sample_code\appendix\simple_game\win32-build\engine\cocos\core\cocos2d.dir\relwithdebinfo\ccfileutils-win32.obj
d:\doitcpp\sample_code\appendix\simple_game\win32-build\engine\cocos\core\cocos2d.dir\relwithdebinfo\ccphysics3dworld.obj
d:\doitcpp\sample_code\appendix\simple_game\win32-build\engine\cocos\core\cocos2d.dir\relwithdebinfo\vec4.obj
d:\doitcpp\sample_code\appendix\simple_game\win32-build\engine\cocos\core\cocos2d.dir\relwithdebinfo\cccustomcommand.obj
d:\doitcpp\sample_code\appendix\simple_game\win32-build\engine\cocos\core\cocos2d.dir\relwithdebinfo\ccpass.obj
d:\doitcpp\sample_code\appendix\simple_game\win32-build\engine\cocos\core\cocos2d.dir\relwithdebinfo\ccshaders.obj
d:\doitcpp\sample_code\appendix\simple_game\win32-build\engine\cocos\core\cocos2d.dir\relwithdebinfo\device.obj
d:\doitcpp\sample_code\appendix\simple_game\win32-build\engine\cocos\core\cocos2d.dir\relwithdebinfo\program.obj
d:\doitcpp\sample_code\appendix\simple_game\win32-build\engine\cocos\core\cocos2d.dir\relwithdebinfo\devicegl.obj
d:\doitcpp\sample_code\appendix\simple_game\win32-build\engine\cocos\core\cocos2d.dir\relwithdebinfo\deviceinfogl.obj
d:\doitcpp\sample_code\appendix\simple_game\win32-build\engine\cocos\core\cocos2d.dir\relwithdebinfo\cccontroller.obj
d:\doitcpp\sample_code\appendix\simple_game\win32-build\engine\cocos\core\cocos2d.dir\relwithdebinfo\cceventlistenercustom.obj
d:\doitcpp\sample_code\appendix\simple_game\win32-build\engine\cocos\core\cocos2d.dir\relwithdebinfo\cceventlistenermouse.obj
d:\doitcpp\sample_code\appendix\simple_game\win32-build\engine\cocos\core\cocos2d.dir\relwithdebinfo\ccproperties.obj
d:\doitcpp\sample_code\appendix\simple_game\win32-build\engine\cocos\core\cocos2d.dir\relwithdebinfo\tgalib.obj
d:\doitcpp\sample_code\appendix\simple_game\win32-build\engine\cocos\core\cocos2d.dir\relwithdebinfo\cccarray.obj
d:\doitcpp\sample_code\appendix\simple_game\win32-build\engine\cocos\core\cocos2d.dir\relwithdebinfo\etc1.obj
d:\doitcpp\sample_code\appendix\simple_game\win32-build\engine\cocos\core\cocos2d.dir\relwithdebinfo\audioengine-win32.obj
d:\doitcpp\sample_code\appendix\simple_game\win32-build\engine\cocos\core\cocos2d.dir\relwithdebinfo\uihelper.obj
d:\doitcpp\sample_code\appendix\simple_game\win32-build\engine\cocos\core\cocos2d.dir\relwithdebinfo\uipageviewindicator.obj
d:\doitcpp\sample_code\appendix\simple_game\win32-build\engine\cocos\core\cocos2d.dir\relwithdebinfo\uitextatlas.obj
d:\doitcpp\sample_code\appendix\simple_game\win32-build\engine\cocos\core\cocos2d.dir\relwithdebinfo\uiwidget.obj
d:\doitcpp\sample_code\appendix\simple_game\win32-build\engine\cocos\core\cocos2d.dir\relwithdebinfo\simpleaudioengine.obj
d:\doitcpp\sample_code\appendix\simple_game\win32-build\engine\cocos\core\cocos2d.dir\relwithdebinfo\ccactionframeeasing.obj
d:\doitcpp\sample_code\appendix\simple_game\win32-build\engine\cocos\core\cocos2d.dir\relwithdebinfo\ccactionnode.obj
d:\doitcpp\sample_code\appendix\simple_game\win32-build\engine\cocos\core\cocos2d.dir\relwithdebinfo\cccomattribute.obj
d:\doitcpp\sample_code\appendix\simple_game\win32-build\engine\cocos\core\cocos2d.dir\relwithdebinfo\ccprocessbase.obj
d:\doitcpp\sample_code\appendix\simple_game\win32-build\engine\cocos\core\cocos2d.dir\relwithdebinfo\ccsscenereader.obj
d:\doitcpp\sample_code\appendix\simple_game\win32-build\engine\cocos\core\cocos2d.dir\relwithdebinfo\cocostudio.obj
d:\doitcpp\sample_code\appendix\simple_game\win32-build\engine\cocos\core\cocos2d.dir\relwithdebinfo\comaudioreader.obj
d:\doitcpp\sample_code\appendix\simple_game\win32-build\engine\cocos\core\cocos2d.dir\relwithdebinfo\sliderreader.obj
d:\doitcpp\sample_code\appendix\simple_game\win32-build\engine\cocos\core\cocos2d.dir\relwithdebinfo\bonenodereader.obj
d:\doitcpp\sample_code\appendix\simple_game\win32-build\engine\cocos\core\cocos2d.dir\relwithdebinfo\buttonreader.obj
d:\doitcpp\sample_code\appendix\simple_game\win32-build\engine\cocos\core\cocos2d.dir\relwithdebinfo\assetsmanagerex.obj
d:\doitcpp\sample_code\appendix\simple_game\win32-build\engine\cocos\core\cocos2d.dir\relwithdebinfo\ccinvocation.obj
d:\doitcpp\sample_code\appendix\simple_game\win32-build\engine\cocos\core\cocos2d.dir\relwithdebinfo\ccphysicssprite.obj
d:\doitcpp\sample_code\appendix\simple_game\win32-build\engine\cocos\core\cocos2d.dir\relwithdebinfo\ccpumaterialtranslator.obj
d:\doitcpp\sample_code\appendix\simple_game\win32-build\engine\cocos\core\cocos2d.dir\relwithdebinfo\ccpuparticlesystem3d.obj
d:\doitcpp\sample_code\appendix\simple_game\win32-build\engine\cocos\core\cocos2d.dir\relwithdebinfo\ccpugeometryrotator.obj
d:\doitcpp\sample_code\appendix\simple_game\win32-build\engine\cocos\core\cocos2d.dir\relwithdebinfo\ccpujetaffectortranslator.obj
d:\doitcpp\sample_code\appendix\simple_game\win32-build\engine\cocos\core\cocos2d.dir\relwithdebinfo\ccpuplanecollider.obj
d:\doitcpp\sample_code\appendix\simple_game\win32-build\engine\cocos\core\cocos2d.dir\relwithdebinfo\ccpuscalevelocityaffectortranslator.obj
d:\doitcpp\sample_code\appendix\simple_game\win32-build\engine\cocos\core\cocos2d.dir\relwithdebinfo\ccputexturerotatortranslator.obj
d:\doitcpp\sample_code\appendix\simple_game\win32-build\engine\cocos\core\cocos2d.dir\relwithdebinfo\ccpucircleemittertranslator.obj
d:\doitcpp\sample_code\appendix\simple_game\win32-build\engine\cocos\core\cocos2d.dir\relwithdebinfo\ccpupointemitter.obj
d:\doitcpp\sample_code\appendix\simple_game\win32-build\engine\cocos\core\cocos2d.dir\relwithdebinfo\ccpuslaveemittertranslator.obj
d:\doitcpp\sample_code\appendix\simple_game\win32-build\engine\cocos\core\cocos2d.dir\relwithdebinfo\ccpuribbontrailrender.obj
d:\doitcpp\sample_code\appendix\simple_game\win32-build\engine\cocos\core\cocos2d.dir\relwithdebinfo\ccpudoexpireeventhandlertranslator.obj
d:\doitcpp\sample_code\appendix\simple_game\win32-build\engine\cocos\core\cocos2d.dir\relwithdebinfo\ccpudostopsystemeventhandler.obj
d:\doitcpp\sample_code\appendix\simple_game\win32-build\engine\cocos\core\cocos2d.dir\relwithdebinfo\ccpuobservermanager.obj
d:\doitcpp\sample_code\appendix\simple_game\win32-build\engine\cocos\core\cocos2d.dir\relwithdebinfo\ccpuoneventflagobserver.obj
d:\doitcpp\sample_code\appendix\simple_game\win32-build\engine\cocos\core\cocos2d.dir\relwithdebinfo\ccpuonquotaobservertranslator.obj
d:\doitcpp\sample_code\appendix\simple_game\win32-build\engine\cocos\core\cocos2d.dir\relwithdebinfo\ccpubehaviourtranslator.obj
d:\doitcpp\sample_code\appendix\simple_game\win32-build\engine\cocos\core\cocos2d.dir\relwithdebinfo\cocos2d.obj
d:\doitcpp\sample_code\appendix\simple_game\win32-build\engine\cocos\core\cocos2d.dir\relwithdebinfo\ccactioninterval.obj
d:\doitcpp\sample_code\appendix\simple_game\win32-build\engine\cocos\core\cocos2d.dir\relwithdebinfo\cccomponent.obj
d:\doitcpp\sample_code\appendix\simple_game\win32-build\engine\cocos\core\cocos2d.dir\relwithdebinfo\ccfontatlascache.obj
d:\doitcpp\sample_code\appendix\simple_game\win32-build\engine\cocos\core\cocos2d.dir\relwithdebinfo\cclabel.obj
d:\doitcpp\sample_code\appendix\simple_game\win32-build\engine\cocos\core\cocos2d.dir\relwithdebinfo\ccrendertexture.obj
d:\doitcpp\sample_code\appendix\simple_game\win32-build\engine\cocos\core\cocos2d.dir\relwithdebinfo\cctmxlayer.obj
d:\doitcpp\sample_code\appendix\simple_game\win32-build\engine\cocos\core\cocos2d.dir\relwithdebinfo\cctweenfunction.obj
d:\doitcpp\sample_code\appendix\simple_game\win32-build\engine\cocos\core\cocos2d.dir\relwithdebinfo\ccanimate3d.obj
d:\doitcpp\sample_code\appendix\simple_game\win32-build\engine\cocos\core\cocos2d.dir\relwithdebinfo\ccskeleton3d.obj
d:\doitcpp\sample_code\appendix\simple_game\win32-build\engine\cocos\core\cocos2d.dir\relwithdebinfo\cc3dprograminfo.obj
d:\doitcpp\sample_code\appendix\simple_game\win32-build\engine\cocos\core\cocos2d.dir\relwithdebinfo\ccapplication-win32.obj
d:\doitcpp\sample_code\appendix\simple_game\win32-build\engine\cocos\core\cocos2d.dir\relwithdebinfo\ccglviewimpl-desktop.obj
d:\doitcpp\sample_code\appendix\simple_game\win32-build\engine\cocos\core\cocos2d.dir\relwithdebinfo\ccphysicsshape.obj
d:\doitcpp\sample_code\appendix\simple_game\win32-build\engine\cocos\core\cocos2d.dir\relwithdebinfo\ccphysics3ddebugdrawer.obj
d:\doitcpp\sample_code\appendix\simple_game\win32-build\engine\cocos\core\cocos2d.dir\relwithdebinfo\mathutil.obj
d:\doitcpp\sample_code\appendix\simple_game\win32-build\engine\cocos\core\cocos2d.dir\relwithdebinfo\ccnavmesh.obj
d:\doitcpp\sample_code\appendix\simple_game\win32-build\engine\cocos\core\cocos2d.dir\relwithdebinfo\ccrendercommand.obj
d:\doitcpp\sample_code\appendix\simple_game\win32-build\engine\cocos\core\cocos2d.dir\relwithdebinfo\ccrenderstate.obj
d:\doitcpp\sample_code\appendix\simple_game\win32-build\engine\cocos\core\cocos2d.dir\relwithdebinfo\cctexturecache.obj
d:\doitcpp\sample_code\appendix\simple_game\win32-build\engine\cocos\core\cocos2d.dir\relwithdebinfo\commandbuffergl.obj
d:\doitcpp\sample_code\appendix\simple_game\win32-build\engine\cocos\core\cocos2d.dir\relwithdebinfo\ccautoreleasepool.obj
d:\doitcpp\sample_code\appendix\simple_game\win32-build\engine\cocos\core\cocos2d.dir\relwithdebinfo\ccninepatchimageparser.obj
d:\doitcpp\sample_code\appendix\simple_game\win32-build\engine\cocos\core\cocos2d.dir\relwithdebinfo\cceventdispatcher.obj
d:\doitcpp\sample_code\appendix\simple_game\win32-build\engine\cocos\core\cocos2d.dir\relwithdebinfo\ccfpsimages.obj
d:\doitcpp\sample_code\appendix\simple_game\win32-build\engine\cocos\core\cocos2d.dir\relwithdebinfo\pvr.obj
d:\doitcpp\sample_code\appendix\simple_game\win32-build\engine\cocos\core\cocos2d.dir\relwithdebinfo\mciplayer.obj
d:\doitcpp\sample_code\appendix\simple_game\win32-build\engine\cocos\core\cocos2d.dir\relwithdebinfo\audiodecodermanager.obj
d:\doitcpp\sample_code\appendix\simple_game\win32-build\engine\cocos\core\cocos2d.dir\relwithdebinfo\cocosgui.obj
d:\doitcpp\sample_code\appendix\simple_game\win32-build\engine\cocos\core\cocos2d.dir\relwithdebinfo\uilayoutparameter.obj
d:\doitcpp\sample_code\appendix\simple_game\win32-build\engine\cocos\core\cocos2d.dir\relwithdebinfo\uirelativebox.obj
d:\doitcpp\sample_code\appendix\simple_game\win32-build\engine\cocos\core\cocos2d.dir\relwithdebinfo\uiscrollview.obj
d:\doitcpp\sample_code\appendix\simple_game\win32-build\engine\cocos\core\cocos2d.dir\relwithdebinfo\uieditbox.obj
d:\doitcpp\sample_code\appendix\simple_game\win32-build\engine\cocos\core\cocos2d.dir\relwithdebinfo\socketio.obj
d:\doitcpp\sample_code\appendix\simple_game\win32-build\engine\cocos\core\cocos2d.dir\relwithdebinfo\ccarmatureanimation.obj
d:\doitcpp\sample_code\appendix\simple_game\win32-build\engine\cocos\core\cocos2d.dir\relwithdebinfo\cccomcontroller.obj
d:\doitcpp\sample_code\appendix\simple_game\win32-build\engine\cocos\core\cocos2d.dir\relwithdebinfo\ccdisplaymanager.obj
d:\doitcpp\sample_code\appendix\simple_game\win32-build\engine\cocos\core\cocos2d.dir\relwithdebinfo\ccsguireader.obj
d:\doitcpp\sample_code\appendix\simple_game\win32-build\engine\cocos\core\cocos2d.dir\relwithdebinfo\cccomextensiondata.obj
d:\doitcpp\sample_code\appendix\simple_game\win32-build\engine\cocos\core\cocos2d.dir\relwithdebinfo\widgetcallbackhandlerprotocol.obj
d:\doitcpp\sample_code\appendix\simple_game\win32-build\engine\cocos\core\cocos2d.dir\relwithdebinfo\singlenodereader.obj
d:\doitcpp\sample_code\appendix\simple_game\win32-build\engine\cocos\core\cocos2d.dir\relwithdebinfo\gamemapreader.obj
d:\doitcpp\sample_code\appendix\simple_game\win32-build\engine\cocos\core\cocos2d.dir\relwithdebinfo\checkboxreader.obj
d:\doitcpp\sample_code\appendix\simple_game\win32-build\engine\cocos\core\cocos2d.dir\relwithdebinfo\particle3dreader.obj
d:\doitcpp\sample_code\appendix\simple_game\win32-build\engine\cocos\core\cocos2d.dir\relwithdebinfo\skeletonnodereader.obj
d:\doitcpp\sample_code\appendix\simple_game\win32-build\engine\cocos\core\cocos2d.dir\relwithdebinfo\scrollviewreader.obj
d:\doitcpp\sample_code\appendix\simple_game\win32-build\engine\cocos\core\cocos2d.dir\relwithdebinfo\ccskinnode.obj
d:\doitcpp\sample_code\appendix\simple_game\win32-build\engine\cocos\core\cocos2d.dir\relwithdebinfo\assetsmanager.obj
d:\doitcpp\sample_code\appendix\simple_game\win32-build\engine\cocos\core\cocos2d.dir\relwithdebinfo\cccontrol.obj
d:\doitcpp\sample_code\appendix\simple_game\win32-build\engine\cocos\core\cocos2d.dir\relwithdebinfo\cccontrolpotentiometer.obj
d:\doitcpp\sample_code\appendix\simple_game\win32-build\engine\cocos\core\cocos2d.dir\relwithdebinfo\cccontrolutils.obj
d:\doitcpp\sample_code\appendix\simple_game\win32-build\engine\cocos\core\cocos2d.dir\relwithdebinfo\cctableviewcell.obj
d:\doitcpp\sample_code\appendix\simple_game\win32-build\engine\cocos\core\cocos2d.dir\relwithdebinfo\ccparticle3drender.obj
d:\doitcpp\sample_code\appendix\simple_game\win32-build\engine\cocos\core\cocos2d.dir\relwithdebinfo\ccpusimplespline.obj
d:\doitcpp\sample_code\appendix\simple_game\win32-build\engine\cocos\core\cocos2d.dir\relwithdebinfo\ccputechniquetranslator.obj
d:\doitcpp\sample_code\appendix\simple_game\win32-build\engine\cocos\core\cocos2d.dir\relwithdebinfo\ccpualignaffector.obj
d:\doitcpp\sample_code\appendix\simple_game\win32-build\engine\cocos\core\cocos2d.dir\relwithdebinfo\ccpubasecollidertranslator.obj
d:\doitcpp\sample_code\appendix\simple_game\win32-build\engine\cocos\core\cocos2d.dir\relwithdebinfo\ccpuflockcenteringaffector.obj
d:\doitcpp\sample_code\appendix\simple_game\win32-build\engine\cocos\core\cocos2d.dir\relwithdebinfo\ccpuinterparticlecollidertranslator.obj
d:\doitcpp\sample_code\appendix\simple_game\win32-build\engine\cocos\core\cocos2d.dir\relwithdebinfo\ccpupathfollower.obj
d:\doitcpp\sample_code\appendix\simple_game\win32-build\engine\cocos\core\cocos2d.dir\relwithdebinfo\ccpuscaleaffector.obj
d:\doitcpp\sample_code\appendix\simple_game\win32-build\engine\cocos\core\cocos2d.dir\relwithdebinfo\ccputextureanimator.obj
d:\doitcpp\sample_code\appendix\simple_game\win32-build\engine\cocos\core\cocos2d.dir\relwithdebinfo\ccpuboxemitter.obj
d:\doitcpp\sample_code\appendix\simple_game\win32-build\engine\cocos\core\cocos2d.dir\relwithdebinfo\ccpulineemittertranslator.obj
d:\doitcpp\sample_code\appendix\simple_game\win32-build\engine\cocos\core\cocos2d.dir\relwithdebinfo\ccpuslaveemitter.obj
d:\doitcpp\sample_code\appendix\simple_game\win32-build\engine\cocos\core\cocos2d.dir\relwithdebinfo\ccpuribbontrail.obj
d:\doitcpp\sample_code\appendix\simple_game\win32-build\engine\cocos\core\cocos2d.dir\relwithdebinfo\ccpudoplacementparticleeventhandler.obj
d:\doitcpp\sample_code\appendix\simple_game\win32-build\engine\cocos\core\cocos2d.dir\relwithdebinfo\ccpueventhandlertranslator.obj
d:\doitcpp\sample_code\appendix\simple_game\win32-build\engine\cocos\core\cocos2d.dir\relwithdebinfo\ccpuonemissionobserver.obj
d:\doitcpp\sample_code\appendix\simple_game\win32-build\engine\cocos\core\cocos2d.dir\relwithdebinfo\ccpuonpositionobservertranslator.obj
d:\doitcpp\sample_code\appendix\simple_game\win32-build\engine\cocos\core\cocos2d.dir\relwithdebinfo\ccpubehaviour.obj
d:\doitcpp\sample_code\appendix\simple_game\win32-build\engine\cocos\core\cocos2d.dir\relwithdebinfo\ccactioninstant.obj
d:\doitcpp\sample_code\appendix\simple_game\win32-build\engine\cocos\core\cocos2d.dir\relwithdebinfo\ccactionpageturn3d.obj
d:\doitcpp\sample_code\appendix\simple_game\win32-build\engine\cocos\core\cocos2d.dir\relwithdebinfo\ccatlasnode.obj
d:\doitcpp\sample_code\appendix\simple_game\win32-build\engine\cocos\core\cocos2d.dir\relwithdebinfo\ccdrawnode.obj
d:\doitcpp\sample_code\appendix\simple_game\win32-build\engine\cocos\core\cocos2d.dir\relwithdebinfo\ccfontfreetype.obj
d:\doitcpp\sample_code\appendix\simple_game\win32-build\engine\cocos\core\cocos2d.dir\relwithdebinfo\cclight.obj
d:\doitcpp\sample_code\appendix\simple_game\win32-build\engine\cocos\core\cocos2d.dir\relwithdebinfo\ccnode.obj
d:\doitcpp\sample_code\appendix\simple_game\win32-build\engine\cocos\core\cocos2d.dir\relwithdebinfo\cctmxxmlparser.obj
d:\doitcpp\sample_code\appendix\simple_game\win32-build\engine\cocos\core\cocos2d.dir\relwithdebinfo\ccterrain.obj
d:\doitcpp\sample_code\appendix\simple_game\win32-build\engine\cocos\core\cocos2d.dir\relwithdebinfo\ccimage.obj
d:\doitcpp\sample_code\appendix\simple_game\win32-build\engine\cocos\core\cocos2d.dir\relwithdebinfo\ccphysics3dconstraint.obj
d:\doitcpp\sample_code\appendix\simple_game\win32-build\engine\cocos\core\cocos2d.dir\relwithdebinfo\ccgeometry.obj
d:\doitcpp\sample_code\appendix\simple_game\win32-build\engine\cocos\core\cocos2d.dir\relwithdebinfo\mat4.obj
d:\doitcpp\sample_code\appendix\simple_game\win32-build\engine\cocos\core\cocos2d.dir\relwithdebinfo\vec3.obj
d:\doitcpp\sample_code\appendix\simple_game\win32-build\engine\cocos\core\cocos2d.dir\relwithdebinfo\cccallbackcommand.obj
d:\doitcpp\sample_code\appendix\simple_game\win32-build\engine\cocos\core\cocos2d.dir\relwithdebinfo\ccmeshcommand.obj
d:\doitcpp\sample_code\appendix\simple_game\win32-build\engine\cocos\core\cocos2d.dir\relwithdebinfo\ccrenderer.obj
d:\doitcpp\sample_code\appendix\simple_game\win32-build\engine\cocos\core\cocos2d.dir\relwithdebinfo\vertexlayout.obj
d:\doitcpp\sample_code\appendix\simple_game\win32-build\engine\cocos\core\cocos2d.dir\relwithdebinfo\programgl.obj
d:\doitcpp\sample_code\appendix\simple_game\win32-build\engine\cocos\core\cocos2d.dir\relwithdebinfo\ccevent.obj
d:\doitcpp\sample_code\appendix\simple_game\win32-build\engine\cocos\core\cocos2d.dir\relwithdebinfo\cceventcustom.obj
d:\doitcpp\sample_code\appendix\simple_game\win32-build\engine\cocos\core\cocos2d.dir\relwithdebinfo\cceventlisteneracceleration.obj
d:\doitcpp\sample_code\appendix\simple_game\win32-build\engine\cocos\core\cocos2d.dir\relwithdebinfo\cceventlistenertouch.obj
d:\doitcpp\sample_code\appendix\simple_game\win32-build\engine\cocos\core\cocos2d.dir\relwithdebinfo\ccref.obj
d:\doitcpp\sample_code\appendix\simple_game\win32-build\engine\cocos\core\cocos2d.dir\relwithdebinfo\cctouch.obj
d:\doitcpp\sample_code\appendix\simple_game\win32-build\engine\cocos\core\cocos2d.dir\relwithdebinfo\ccstencilstatemanager.obj
d:\doitcpp\sample_code\appendix\simple_game\win32-build\engine\cocos\core\cocos2d.dir\relwithdebinfo\ccutf8.obj
d:\doitcpp\sample_code\appendix\simple_game\win32-build\engine\cocos\core\cocos2d.dir\relwithdebinfo\audiodecoder.obj
d:\doitcpp\sample_code\appendix\simple_game\win32-build\engine\cocos\core\cocos2d.dir\relwithdebinfo\audiodecodermp3.obj
d:\doitcpp\sample_code\appendix\simple_game\win32-build\engine\cocos\core\cocos2d.dir\relwithdebinfo\uibutton.obj
d:\doitcpp\sample_code\appendix\simple_game\win32-build\engine\cocos\core\cocos2d.dir\relwithdebinfo\uiimageview.obj
d:\doitcpp\sample_code\appendix\simple_game\win32-build\engine\cocos\core\cocos2d.dir\relwithdebinfo\uiloadingbar.obj
d:\doitcpp\sample_code\appendix\simple_game\win32-build\engine\cocos\core\cocos2d.dir\relwithdebinfo\uiscrollviewbar.obj
d:\doitcpp\sample_code\appendix\simple_game\win32-build\engine\cocos\core\cocos2d.dir\relwithdebinfo\uitextfield.obj
d:\doitcpp\sample_code\appendix\simple_game\win32-build\engine\cocos\core\cocos2d.dir\relwithdebinfo\httpclient.obj
d:\doitcpp\sample_code\appendix\simple_game\win32-build\engine\cocos\core\cocos2d.dir\relwithdebinfo\ccactionframe.obj
d:\doitcpp\sample_code\appendix\simple_game\win32-build\engine\cocos\core\cocos2d.dir\relwithdebinfo\ccactionmanagerex.obj
d:\doitcpp\sample_code\appendix\simple_game\win32-build\engine\cocos\core\cocos2d.dir\relwithdebinfo\ccarmaturedefine.obj
d:\doitcpp\sample_code\appendix\simple_game\win32-build\engine\cocos\core\cocos2d.dir\relwithdebinfo\ccbatchnode.obj
d:\doitcpp\sample_code\appendix\simple_game\win32-build\engine\cocos\core\cocos2d.dir\relwithdebinfo\cccomrender.obj
d:\doitcpp\sample_code\appendix\simple_game\win32-build\engine\cocos\core\cocos2d.dir\relwithdebinfo\flatbuffersserialize.obj
d:\doitcpp\sample_code\appendix\simple_game\win32-build\engine\cocos\core\cocos2d.dir\relwithdebinfo\pageviewreader.obj
d:\doitcpp\sample_code\appendix\simple_game\win32-build\engine\cocos\core\cocos2d.dir\relwithdebinfo\textatlasreader.obj
d:\doitcpp\sample_code\appendix\simple_game\win32-build\engine\cocos\core\cocos2d.dir\relwithdebinfo\ccactiontimelinecache.obj
d:\doitcpp\sample_code\appendix\simple_game\win32-build\engine\cocos\core\cocos2d.dir\relwithdebinfo\cceventassetsmanagerex.obj
d:\doitcpp\sample_code\appendix\simple_game\win32-build\engine\cocos\core\cocos2d.dir\relwithdebinfo\cccontrolcolourpicker.obj
d:\doitcpp\sample_code\appendix\simple_game\win32-build\engine\cocos\core\cocos2d.dir\relwithdebinfo\cccontrolsaturationbrightnesspicker.obj
d:\doitcpp\sample_code\appendix\simple_game\win32-build\engine\cocos\core\cocos2d.dir\relwithdebinfo\cccontrolswitch.obj
d:\doitcpp\sample_code\appendix\simple_game\win32-build\engine\cocos\core\cocos2d.dir\relwithdebinfo\ccparticle3daffector.obj
d:\doitcpp\sample_code\appendix\simple_game\win32-build\engine\cocos\core\cocos2d.dir\relwithdebinfo\ccpudynamicattribute.obj
d:\doitcpp\sample_code\appendix\simple_game\win32-build\engine\cocos\core\cocos2d.dir\relwithdebinfo\ccpuscriptcompiler.obj
d:\doitcpp\sample_code\appendix\simple_game\win32-build\engine\cocos\core\cocos2d.dir\relwithdebinfo\ccpuaffectortranslator.obj
d:\doitcpp\sample_code\appendix\simple_game\win32-build\engine\cocos\core\cocos2d.dir\relwithdebinfo\ccpucollisionavoidanceaffector.obj
d:\doitcpp\sample_code\appendix\simple_game\win32-build\engine\cocos\core\cocos2d.dir\relwithdebinfo\ccpuflockcenteringaffectortranslator.obj
d:\doitcpp\sample_code\appendix\simple_game\win32-build\engine\cocos\core\cocos2d.dir\relwithdebinfo\ccpujetaffector.obj
d:\doitcpp\sample_code\appendix\simple_game\win32-build\engine\cocos\core\cocos2d.dir\relwithdebinfo\ccpuparticlefollowertranslator.obj
d:\doitcpp\sample_code\appendix\simple_game\win32-build\engine\cocos\core\cocos2d.dir\relwithdebinfo\ccpuscaleaffectortranslator.obj
d:\doitcpp\sample_code\appendix\simple_game\win32-build\engine\cocos\core\cocos2d.dir\relwithdebinfo\ccputexturerotator.obj
d:\doitcpp\sample_code\appendix\simple_game\win32-build\engine\cocos\core\cocos2d.dir\relwithdebinfo\ccpuboxemittertranslator.obj
d:\doitcpp\sample_code\appendix\simple_game\win32-build\engine\cocos\core\cocos2d.dir\relwithdebinfo\ccpumeshsurfaceemittertranslator.obj
d:\doitcpp\sample_code\appendix\simple_game\win32-build\engine\cocos\core\cocos2d.dir\relwithdebinfo\ccpuvertexemitter.obj
d:\doitcpp\sample_code\appendix\simple_game\win32-build\engine\cocos\core\cocos2d.dir\relwithdebinfo\ccpudoaffectoreventhandlertranslator.obj
d:\doitcpp\sample_code\appendix\simple_game\win32-build\engine\cocos\core\cocos2d.dir\relwithdebinfo\ccpudofreezeeventhandler.obj
d:\doitcpp\sample_code\appendix\simple_game\win32-build\engine\cocos\core\cocos2d.dir\relwithdebinfo\ccpudostopsystemeventhandlertranslator.obj
d:\doitcpp\sample_code\appendix\simple_game\win32-build\engine\cocos\core\cocos2d.dir\relwithdebinfo\ccpuobservertranslator.obj
d:\doitcpp\sample_code\appendix\simple_game\win32-build\engine\cocos\core\cocos2d.dir\relwithdebinfo\ccpuonexpireobservertranslator.obj
d:\doitcpp\sample_code\appendix\simple_game\win32-build\engine\cocos\core\cocos2d.dir\relwithdebinfo\ccpuonvelocityobserver.obj
d:\doitcpp\sample_code\appendix\simple_game\win32-build\engine\cocos\core\cocos2d.dir\relwithdebinfo\ccactioncatmullrom.obj
d:\doitcpp\sample_code\appendix\simple_game\win32-build\engine\cocos\core\cocos2d.dir\relwithdebinfo\ccanimation.obj
d:\doitcpp\sample_code\appendix\simple_game\win32-build\engine\cocos\core\cocos2d.dir\relwithdebinfo\ccfasttmxlayer.obj
d:\doitcpp\sample_code\appendix\simple_game\win32-build\engine\cocos\core\cocos2d.dir\relwithdebinfo\ccnodegrid.obj
d:\doitcpp\sample_code\appendix\simple_game\win32-build\engine\cocos\core\cocos2d.dir\relwithdebinfo\ccprogresstimer.obj
d:\doitcpp\sample_code\appendix\simple_game\win32-build\engine\cocos\core\cocos2d.dir\relwithdebinfo\ccspriteframecache.obj
d:\doitcpp\sample_code\appendix\simple_game\win32-build\engine\cocos\core\cocos2d.dir\relwithdebinfo\ccfrustum.obj
d:\doitcpp\sample_code\appendix\simple_game\win32-build\engine\cocos\core\cocos2d.dir\relwithdebinfo\ccmotionstreak3d.obj
d:\doitcpp\sample_code\appendix\simple_game\win32-build\engine\cocos\core\cocos2d.dir\relwithdebinfo\ccskybox.obj
d:\doitcpp\sample_code\appendix\simple_game\win32-build\engine\cocos\core\cocos2d.dir\relwithdebinfo\ccstdc-win32.obj
d:\doitcpp\sample_code\appendix\simple_game\win32-build\engine\cocos\core\cocos2d.dir\relwithdebinfo\cccommon-win32.obj
d:\doitcpp\sample_code\appendix\simple_game\win32-build\engine\cocos\core\cocos2d.dir\relwithdebinfo\inet_pton_mingw.obj
d:\doitcpp\sample_code\appendix\simple_game\win32-build\engine\cocos\core\cocos2d.dir\relwithdebinfo\ccsaxparser.obj
d:\doitcpp\sample_code\appendix\simple_game\win32-build\engine\cocos\core\cocos2d.dir\relwithdebinfo\ccphysicscontact.obj
d:\doitcpp\sample_code\appendix\simple_game\win32-build\engine\cocos\core\cocos2d.dir\relwithdebinfo\ccphysics3dcomponent.obj
d:\doitcpp\sample_code\appendix\simple_game\win32-build\engine\cocos\core\cocos2d.dir\relwithdebinfo\ccaffinetransform.obj
d:\doitcpp\sample_code\appendix\simple_game\win32-build\engine\cocos\core\cocos2d.dir\relwithdebinfo\ccvertex.obj
d:\doitcpp\sample_code\appendix\simple_game\win32-build\engine\cocos\core\cocos2d.dir\relwithdebinfo\vec2.obj
d:\doitcpp\sample_code\appendix\simple_game\win32-build\engine\cocos\core\cocos2d.dir\relwithdebinfo\ccnavmeshdebugdraw.obj
d:\doitcpp\sample_code\appendix\simple_game\win32-build\engine\cocos\core\cocos2d.dir\relwithdebinfo\cctechnique.obj
d:\doitcpp\sample_code\appendix\simple_game\win32-build\engine\cocos\core\cocos2d.dir\relwithdebinfo\cctrianglescommand.obj
d:\doitcpp\sample_code\appendix\simple_game\win32-build\engine\cocos\core\cocos2d.dir\relwithdebinfo\texture.obj
d:\doitcpp\sample_code\appendix\simple_game\win32-build\engine\cocos\core\cocos2d.dir\relwithdebinfo\shadercache.obj
d:\doitcpp\sample_code\appendix\simple_game\win32-build\engine\cocos\core\cocos2d.dir\relwithdebinfo\utilsgl.obj
d:\doitcpp\sample_code\appendix\simple_game\win32-build\engine\cocos\core\cocos2d.dir\relwithdebinfo\ccdirector.obj
d:\doitcpp\sample_code\appendix\simple_game\win32-build\engine\cocos\core\cocos2d.dir\relwithdebinfo\cceventtouch.obj
d:\doitcpp\sample_code\appendix\simple_game\win32-build\engine\cocos\core\cocos2d.dir\relwithdebinfo\ccscheduler.obj
d:\doitcpp\sample_code\appendix\simple_game\win32-build\engine\cocos\core\cocos2d.dir\relwithdebinfo\base64.obj
d:\doitcpp\sample_code\appendix\simple_game\win32-build\engine\cocos\core\cocos2d.dir\relwithdebinfo\ccutils.obj
d:\doitcpp\sample_code\appendix\simple_game\win32-build\engine\cocos\core\cocos2d.dir\relwithdebinfo\uicheckbox.obj
d:\doitcpp\sample_code\appendix\simple_game\win32-build\engine\cocos\core\cocos2d.dir\relwithdebinfo\uilayout.obj
d:\doitcpp\sample_code\appendix\simple_game\win32-build\engine\cocos\core\cocos2d.dir\relwithdebinfo\uislider.obj
d:\doitcpp\sample_code\appendix\simple_game\win32-build\engine\cocos\core\cocos2d.dir\relwithdebinfo\uivbox.obj
d:\doitcpp\sample_code\appendix\simple_game\win32-build\engine\cocos\core\cocos2d.dir\relwithdebinfo\uitabcontrol.obj
d:\doitcpp\sample_code\appendix\simple_game\win32-build\engine\cocos\core\cocos2d.dir\relwithdebinfo\ccdownloader-curl.obj
d:\doitcpp\sample_code\appendix\simple_game\win32-build\engine\cocos\core\cocos2d.dir\relwithdebinfo\cccolliderdetector.obj
d:\doitcpp\sample_code\appendix\simple_game\win32-build\engine\cocos\core\cocos2d.dir\relwithdebinfo\ccdatareaderhelper.obj
d:\doitcpp\sample_code\appendix\simple_game\win32-build\engine\cocos\core\cocos2d.dir\relwithdebinfo\triggerobj.obj
d:\doitcpp\sample_code\appendix\simple_game\win32-build\engine\cocos\core\cocos2d.dir\relwithdebinfo\particlereader.obj
d:\doitcpp\sample_code\appendix\simple_game\win32-build\engine\cocos\core\cocos2d.dir\relwithdebinfo\projectnodereader.obj
d:\doitcpp\sample_code\appendix\simple_game\win32-build\engine\cocos\core\cocos2d.dir\relwithdebinfo\loadingbarreader.obj
d:\doitcpp\sample_code\appendix\simple_game\win32-build\engine\cocos\core\cocos2d.dir\relwithdebinfo\textreader.obj
d:\doitcpp\sample_code\appendix\simple_game\win32-build\engine\cocos\core\cocos2d.dir\relwithdebinfo\textbmfontreader.obj
d:\doitcpp\sample_code\appendix\simple_game\win32-build\engine\cocos\core\cocos2d.dir\relwithdebinfo\ccactiontimelinenode.obj
d:\doitcpp\sample_code\appendix\simple_game\win32-build\engine\cocos\core\cocos2d.dir\relwithdebinfo\csloader.obj
d:\doitcpp\sample_code\appendix\simple_game\win32-build\engine\cocos\core\cocos2d.dir\relwithdebinfo\ccpuplane.obj
d:\doitcpp\sample_code\appendix\simple_game\win32-build\engine\cocos\core\cocos2d.dir\relwithdebinfo\ccpuscriptlexer.obj
d:\doitcpp\sample_code\appendix\simple_game\win32-build\engine\cocos\core\cocos2d.dir\relwithdebinfo\ccpuutil.obj
d:\doitcpp\sample_code\appendix\simple_game\win32-build\engine\cocos\core\cocos2d.dir\relwithdebinfo\ccpuparticlesystem3dtranslator.obj
d:\doitcpp\sample_code\appendix\simple_game\win32-build\engine\cocos\core\cocos2d.dir\relwithdebinfo\ccpuaffector.obj
d:\doitcpp\sample_code\appendix\simple_game\win32-build\engine\cocos\core\cocos2d.dir\relwithdebinfo\ccpubaseforceaffector.obj
d:\doitcpp\sample_code\appendix\simple_game\win32-build\engine\cocos\core\cocos2d.dir\relwithdebinfo\ccpucoloraffector.obj
d:\doitcpp\sample_code\appendix\simple_game\win32-build\engine\cocos\core\cocos2d.dir\relwithdebinfo\ccpuinterparticlecollider.obj
d:\doitcpp\sample_code\appendix\simple_game\win32-build\engine\cocos\core\cocos2d.dir\relwithdebinfo\ccpuparticlefollower.obj
d:\doitcpp\sample_code\appendix\simple_game\win32-build\engine\cocos\core\cocos2d.dir\relwithdebinfo\ccpurandomiser.obj
d:\doitcpp\sample_code\appendix\simple_game\win32-build\engine\cocos\core\cocos2d.dir\relwithdebinfo\ccpusineforceaffectortranslator.obj
d:\doitcpp\sample_code\appendix\simple_game\win32-build\engine\cocos\core\cocos2d.dir\relwithdebinfo\ccpuvortexaffector.obj
d:\doitcpp\sample_code\appendix\simple_game\win32-build\engine\cocos\core\cocos2d.dir\relwithdebinfo\ccpuemitter.obj
d:\doitcpp\sample_code\appendix\simple_game\win32-build\engine\cocos\core\cocos2d.dir\relwithdebinfo\ccpupositionemitter.obj
d:\doitcpp\sample_code\appendix\simple_game\win32-build\engine\cocos\core\cocos2d.dir\relwithdebinfo\ccpubeamrender.obj
d:\doitcpp\sample_code\appendix\simple_game\win32-build\engine\cocos\core\cocos2d.dir\relwithdebinfo\ccpudoenablecomponenteventhandlertranslator.obj
d:\doitcpp\sample_code\appendix\simple_game\win32-build\engine\cocos\core\cocos2d.dir\relwithdebinfo\ccpueventhandler.obj
d:\doitcpp\sample_code\appendix\simple_game\win32-build\engine\cocos\core\cocos2d.dir\relwithdebinfo\ccpuoncollisionobserver.obj
d:\doitcpp\sample_code\appendix\simple_game\win32-build\engine\cocos\core\cocos2d.dir\relwithdebinfo\ccpuoncountobservertranslator.obj
d:\doitcpp\sample_code\appendix\simple_game\win32-build\engine\cocos\core\cocos2d.dir\relwithdebinfo\ccpuonquotaobserver.obj
d:\doitcpp\sample_code\appendix\simple_game\win32-build\engine\cocos\core\cocos2d.dir\relwithdebinfo\ccpuonvelocityobservertranslator.obj
d:\doitcpp\sample_code\appendix\simple_game\win32-build\engine\cocos\core\cocos2d.dir\relwithdebinfo\ccaction.obj
d:\doitcpp\sample_code\appendix\simple_game\win32-build\engine\cocos\core\cocos2d.dir\relwithdebinfo\ccactiontiledgrid.obj
d:\doitcpp\sample_code\appendix\simple_game\win32-build\engine\cocos\core\cocos2d.dir\relwithdebinfo\cccamera.obj
d:\doitcpp\sample_code\appendix\simple_game\win32-build\engine\cocos\core\cocos2d.dir\relwithdebinfo\cccomponentcontainer.obj
d:\doitcpp\sample_code\appendix\simple_game\win32-build\engine\cocos\core\cocos2d.dir\relwithdebinfo\ccfontcharmap.obj
d:\doitcpp\sample_code\appendix\simple_game\win32-build\engine\cocos\core\cocos2d.dir\relwithdebinfo\cclabeltextformatter.obj
d:\doitcpp\sample_code\appendix\simple_game\win32-build\engine\cocos\core\cocos2d.dir\relwithdebinfo\ccparticlebatchnode.obj
d:\doitcpp\sample_code\appendix\simple_game\win32-build\engine\cocos\core\cocos2d.dir\relwithdebinfo\ccspritebatchnode.obj
d:\doitcpp\sample_code\appendix\simple_game\win32-build\engine\cocos\core\cocos2d.dir\relwithdebinfo\cctextfieldttf.obj
d:\doitcpp\sample_code\appendix\simple_game\win32-build\engine\cocos\core\cocos2d.dir\relwithdebinfo\cctmxtiledmap.obj
d:\doitcpp\sample_code\appendix\simple_game\win32-build\engine\cocos\core\cocos2d.dir\relwithdebinfo\ccanimation3d.obj
d:\doitcpp\sample_code\appendix\simple_game\win32-build\engine\cocos\core\cocos2d.dir\relwithdebinfo\ccobb.obj
d:\doitcpp\sample_code\appendix\simple_game\win32-build\engine\cocos\core\cocos2d.dir\relwithdebinfo\ccplane.obj
d:\doitcpp\sample_code\appendix\simple_game\win32-build\engine\cocos\core\cocos2d.dir\relwithdebinfo\ccsprite3d.obj
d:\doitcpp\sample_code\appendix\simple_game\win32-build\engine\cocos\core\cocos2d.dir\relwithdebinfo\ccphysicsbody.obj
d:\doitcpp\sample_code\appendix\simple_game\win32-build\engine\cocos\core\cocos2d.dir\relwithdebinfo\ccphysics3d.obj
d:\doitcpp\sample_code\appendix\simple_game\win32-build\engine\cocos\core\cocos2d.dir\relwithdebinfo\ccphysicssprite3d.obj
d:\doitcpp\sample_code\appendix\simple_game\win32-build\engine\cocos\core\cocos2d.dir\relwithdebinfo\ccnavmeshutils.obj
d:\doitcpp\sample_code\appendix\simple_game\win32-build\engine\cocos\core\cocos2d.dir\relwithdebinfo\ccgroupcommand.obj
d:\doitcpp\sample_code\appendix\simple_game\win32-build\engine\cocos\core\cocos2d.dir\relwithdebinfo\cctextureatlas.obj
d:\doitcpp\sample_code\appendix\simple_game\win32-build\engine\cocos\core\cocos2d.dir\relwithdebinfo\cctextureutils.obj
d:\doitcpp\sample_code\appendix\simple_game\win32-build\engine\cocos\core\cocos2d.dir\relwithdebinfo\depthstencilstate.obj
d:\doitcpp\sample_code\appendix\simple_game\win32-build\engine\cocos\core\cocos2d.dir\relwithdebinfo\renderpassdescriptor.obj
d:\doitcpp\sample_code\appendix\simple_game\win32-build\engine\cocos\core\cocos2d.dir\relwithdebinfo\depthstencilstategl.obj
d:\doitcpp\sample_code\appendix\simple_game\win32-build\engine\cocos\core\cocos2d.dir\relwithdebinfo\shadermodulegl.obj
d:\doitcpp\sample_code\appendix\simple_game\win32-build\engine\cocos\core\cocos2d.dir\relwithdebinfo\ccasynctaskpool.obj
d:\doitcpp\sample_code\appendix\simple_game\win32-build\engine\cocos\core\cocos2d.dir\relwithdebinfo\cceventacceleration.obj
d:\doitcpp\sample_code\appendix\simple_game\win32-build\engine\cocos\core\cocos2d.dir\relwithdebinfo\cceventfocus.obj
d:\doitcpp\sample_code\appendix\simple_game\win32-build\engine\cocos\core\cocos2d.dir\relwithdebinfo\cceventlistenercontroller.obj
d:\doitcpp\sample_code\appendix\simple_game\win32-build\engine\cocos\core\cocos2d.dir\relwithdebinfo\ccimedispatcher.obj
d:\doitcpp\sample_code\appendix\simple_game\win32-build\engine\cocos\core\cocos2d.dir\relwithdebinfo\ccscriptsupport.obj
d:\doitcpp\sample_code\appendix\simple_game\win32-build\engine\cocos\core\cocos2d.dir\relwithdebinfo\ccuserdefault.obj
d:\doitcpp\sample_code\appendix\simple_game\win32-build\engine\cocos\core\cocos2d.dir\relwithdebinfo\atitc.obj
d:\doitcpp\sample_code\appendix\simple_game\win32-build\engine\cocos\core\cocos2d.dir\relwithdebinfo\cctypes.obj
d:\doitcpp\sample_code\appendix\simple_game\win32-build\engine\cocos\core\cocos2d.dir\relwithdebinfo\cccontroller-linux-win32.obj
d:\doitcpp\sample_code\appendix\simple_game\win32-build\engine\cocos\core\cocos2d.dir\relwithdebinfo\gamenode3dreader.obj
d:\doitcpp\sample_code\appendix\simple_game\win32-build\engine\cocos\core\cocos2d.dir\relwithdebinfo\armaturenodereader.obj
d:\doitcpp\sample_code\appendix\simple_game\win32-build\engine\cocos\core\cocos2d.dir\relwithdebinfo\cccontrolbutton.obj
d:\doitcpp\sample_code\appendix\simple_game\win32-build\engine\cocos\core\cocos2d.dir\relwithdebinfo\cccontrolstepper.obj
d:\doitcpp\sample_code\appendix\simple_game\win32-build\engine\cocos\core\cocos2d.dir\relwithdebinfo\ccphysicsdebugnode.obj
d:\doitcpp\sample_code\appendix\simple_game\win32-build\engine\cocos\core\cocos2d.dir\relwithdebinfo\ccparticlesystem3d.obj
d:\doitcpp\sample_code\appendix\simple_game\win32-build\engine\cocos\core\cocos2d.dir\relwithdebinfo\ccpurenderertranslator.obj
d:\doitcpp\sample_code\appendix\simple_game\win32-build\engine\cocos\core\cocos2d.dir\relwithdebinfo\ccpucollisionavoidanceaffectortranslator.obj
d:\doitcpp\sample_code\appendix\simple_game\win32-build\engine\cocos\core\cocos2d.dir\relwithdebinfo\ccpugravityaffector.obj
d:\doitcpp\sample_code\appendix\simple_game\win32-build\engine\cocos\core\cocos2d.dir\relwithdebinfo\ccpulineaffectortranslator.obj
d:\doitcpp\sample_code\appendix\simple_game\win32-build\engine\cocos\core\cocos2d.dir\relwithdebinfo\ccpurandomisertranslator.obj
d:\doitcpp\sample_code\appendix\simple_game\win32-build\engine\cocos\core\cocos2d.dir\relwithdebinfo\ccpuspherecollider.obj
d:\doitcpp\sample_code\appendix\simple_game\win32-build\engine\cocos\core\cocos2d.dir\relwithdebinfo\ccpuvelocitymatchingaffectortranslator.obj
d:\doitcpp\sample_code\appendix\simple_game\win32-build\engine\cocos\core\cocos2d.dir\relwithdebinfo\ccpuemittertranslator.obj
d:\doitcpp\sample_code\appendix\simple_game\win32-build\engine\cocos\core\cocos2d.dir\relwithdebinfo\ccpurender.obj
d:\doitcpp\sample_code\appendix\simple_game\win32-build\engine\cocos\core\cocos2d.dir\relwithdebinfo\ccpudoscaleeventhandler.obj
d:\doitcpp\sample_code\appendix\simple_game\win32-build\engine\cocos\core\cocos2d.dir\relwithdebinfo\ccpuobserver.obj
d:\doitcpp\sample_code\appendix\simple_game\win32-build\engine\cocos\core\cocos2d.dir\relwithdebinfo\ccpuoneventflagobservertranslator.obj
d:\doitcpp\sample_code\appendix\simple_game\win32-build\engine\cocos\core\cocos2d.dir\relwithdebinfo\ccpuontimeobserver.obj
d:\doitcpp\sample_code\appendix\simple_game\win32-build\engine\cocos\core\cocos2d.dir\relwithdebinfo\ccpuslavebehaviour.obj
d:\doitcpp\sample_code\appendix\simple_game\win32-build\engine\cocos\core\cmakefiles\generate.stamp
d:\doitcpp\sample_code\appendix\simple_game\win32-build\lib\relwithdebinfo\cocos2d.lib
d:\doitcpp\sample_code\appendix\simple_game\win32-build\engine\cocos\core\cocos2d.dir\relwithdebinfo\cocos2d.tlog\cl.command.1.tlog
d:\doitcpp\sample_code\appendix\simple_game\win32-build\engine\cocos\core\cocos2d.dir\relwithdebinfo\cocos2d.tlog\cl.read.1.tlog
d:\doitcpp\sample_code\appendix\simple_game\win32-build\engine\cocos\core\cocos2d.dir\relwithdebinfo\cocos2d.tlog\cl.write.1.tlog
d:\doitcpp\sample_code\appendix\simple_game\win32-build\engine\cocos\core\cocos2d.dir\relwithdebinfo\cocos2d.tlog\custombuild.command.1.tlog
d:\doitcpp\sample_code\appendix\simple_game\win32-build\engine\cocos\core\cocos2d.dir\relwithdebinfo\cocos2d.tlog\custombuild.read.1.tlog
d:\doitcpp\sample_code\appendix\simple_game\win32-build\engine\cocos\core\cocos2d.dir\relwithdebinfo\cocos2d.tlog\custombuild.write.1.tlog
d:\doitcpp\sample_code\appendix\simple_game\win32-build\engine\cocos\core\cocos2d.dir\relwithdebinfo\cocos2d.tlog\lib.command.1.tlog
d:\doitcpp\sample_code\appendix\simple_game\win32-build\engine\cocos\core\cocos2d.dir\relwithdebinfo\cocos2d.tlog\lib.read.2.tlog
d:\doitcpp\sample_code\appendix\simple_game\win32-build\engine\cocos\core\cocos2d.dir\relwithdebinfo\cocos2d.tlog\lib.write.2.tlog
